<?xml version="1.0" encoding="UTF-8"?>
<!-- Generated by org.testng.reporters.JUnitReportReporter -->
<testsuite skipped="0" hostname="L-156000025" name="VentasFija.runner.TestRunner" tests="1" failures="0" timestamp="2020-02-05T18:12:53 COT" time="88.563" errors="0">
  <testcase name="feature" time="88.563" classname="VentasFija.runner.TestRunner"/>
</testsuite> <!-- VentasFija.runner.TestRunner -->
