<?xml version="1.0" encoding="UTF-8"?>
<!-- Generated by org.testng.reporters.JUnitReportReporter -->
<testsuite skipped="0" hostname="L-156000025" name="Selenium_BDD.FrWk_UpMovTot.TestRunner" tests="1" failures="0" timestamp="2020-01-22T10:22:25 COT" time="50.856" errors="0">
  <testcase name="feature" time="50.856" classname="Selenium_BDD.FrWk_UpMovTot.TestRunner"/>
</testsuite> <!-- Selenium_BDD.FrWk_UpMovTot.TestRunner -->
